<?xml version="1.0" encoding="UTF-8"?>
<coverage generated="1545472777678" clover="3.2.0">
  <project timestamp="1545472777678" name="All files">
    <metrics statements="58" coveredstatements="48" conditionals="30" coveredconditionals="25" methods="9" coveredmethods="9" elements="97" coveredelements="82" complexity="0" loc="58" ncloc="58" packages="2" files="4" classes="4">
      <package name="dataStructureJS">
        <metrics statements="0" coveredstatements="0" conditionals="0" coveredconditionals="0" methods="0" coveredmethods="0"/>
        <file name="index.js" path="/Users/sangwoo/Desktop/programming/dataStructureJS/index.js">
          <metrics statements="0" coveredstatements="0" conditionals="0" coveredconditionals="0" methods="0" coveredmethods="0"/>
        </file>
      </package>
      <package name="dataStructureJS.lib">
        <metrics statements="58" coveredstatements="48" conditionals="30" coveredconditionals="25" methods="9" coveredmethods="9"/>
        <file name="index.js" path="/Users/sangwoo/Desktop/programming/dataStructureJS/lib/index.js">
          <metrics statements="0" coveredstatements="0" conditionals="0" coveredconditionals="0" methods="0" coveredmethods="0"/>
        </file>
        <file name="node.js" path="/Users/sangwoo/Desktop/programming/dataStructureJS/lib/node.js">
          <metrics statements="2" coveredstatements="2" conditionals="0" coveredconditionals="0" methods="1" coveredmethods="1"/>
          <line num="9" count="96" type="stmt"/>
          <line num="10" count="96" type="stmt"/>
        </file>
        <file name="singlyLinkedList.js" path="/Users/sangwoo/Desktop/programming/dataStructureJS/lib/singlyLinkedList.js">
          <metrics statements="56" coveredstatements="46" conditionals="30" coveredconditionals="25" methods="8" coveredmethods="8"/>
          <line num="7" count="1" type="stmt"/>
          <line num="12" count="60" type="stmt"/>
          <line num="13" count="60" type="stmt"/>
          <line num="14" count="60" type="stmt"/>
          <line num="19" count="13" type="stmt"/>
          <line num="24" count="92" type="stmt"/>
          <line num="26" count="92" type="cond" truecount="2" falsecount="0"/>
          <line num="27" count="46" type="stmt"/>
          <line num="29" count="92" type="stmt"/>
          <line num="30" count="92" type="stmt"/>
          <line num="31" count="92" type="stmt"/>
          <line num="36" count="3" type="cond" truecount="2" falsecount="0"/>
          <line num="38" count="2" type="stmt"/>
          <line num="39" count="2" type="cond" truecount="2" falsecount="0"/>
          <line num="40" count="0" type="stmt"/>
          <line num="43" count="2" type="stmt"/>
          <line num="45" count="2" type="stmt"/>
          <line num="46" count="2" type="stmt"/>
          <line num="48" count="2" type="cond" truecount="2" falsecount="0"/>
          <line num="49" count="1" type="stmt"/>
          <line num="50" count="1" type="stmt"/>
          <line num="53" count="2" type="stmt"/>
          <line num="54" count="2" type="stmt"/>
          <line num="59" count="4" type="cond" truecount="2" falsecount="0"/>
          <line num="61" count="3" type="stmt"/>
          <line num="62" count="3" type="stmt"/>
          <line num="63" count="3" type="cond" truecount="2" falsecount="0"/>
          <line num="65" count="3" type="stmt"/>
          <line num="66" count="3" type="stmt"/>
          <line num="71" count="2" type="stmt"/>
          <line num="72" count="2" type="stmt"/>
          <line num="73" count="2" type="stmt"/>
          <line num="75" count="2" type="cond" truecount="2" falsecount="0"/>
          <line num="77" count="2" type="stmt"/>
          <line num="78" count="2" type="stmt"/>
          <line num="83" count="2" type="stmt"/>
          <line num="85" count="2" type="cond" truecount="4" falsecount="0"/>
          <line num="86" count="1" type="cond" truecount="1" falsecount="1"/>
          <line num="87" count="1" type="cond" truecount="1" falsecount="1"/>
          <line num="89" count="1" type="stmt"/>
          <line num="90" count="1" type="stmt"/>
          <line num="91" count="0" type="stmt"/>
          <line num="93" count="1" type="stmt"/>
          <line num="94" count="1" type="stmt"/>
          <line num="96" count="1" type="stmt"/>
          <line num="97" count="1" type="stmt"/>
          <line num="102" count="2" type="cond" truecount="4" falsecount="0"/>
          <line num="103" count="1" type="cond" truecount="1" falsecount="1"/>
          <line num="104" count="0" type="cond" truecount="0" falsecount="2"/>
          <line num="106" count="0" type="stmt"/>
          <line num="107" count="0" type="stmt"/>
          <line num="108" count="0" type="stmt"/>
          <line num="110" count="0" type="stmt"/>
          <line num="111" count="0" type="stmt"/>
          <line num="113" count="0" type="stmt"/>
          <line num="114" count="0" type="stmt"/>
        </file>
      </package>
    </metrics>
  </project>
</coverage>
