{"/Users/sangwoo/Desktop/programming/dataStructureJS/index.js": {"path":"/Users/sangwoo/Desktop/programming/dataStructureJS/index.js","statementMap":{},"fnMap":{},"branchMap":{},"s":{},"f":{},"b":{},"_coverageSchema":"332fd63041d2c1bcb487cc26dd0d5f7d97098a6c","hash":"89c6050b0f21ca73a4c70420b33d58efa17f634c"}
,"/Users/sangwoo/Desktop/programming/dataStructureJS/lib/index.js": {"path":"/Users/sangwoo/Desktop/programming/dataStructureJS/lib/index.js","statementMap":{},"fnMap":{},"branchMap":{},"s":{},"f":{},"b":{},"_coverageSchema":"332fd63041d2c1bcb487cc26dd0d5f7d97098a6c","hash":"0e167ef7ed19b2dd71beb8b088a7afff2f42c2a2"}
,"/Users/sangwoo/Desktop/programming/dataStructureJS/lib/node.js": {"path":"/Users/sangwoo/Desktop/programming/dataStructureJS/lib/node.js","statementMap":{"0":{"start":{"line":9,"column":4},"end":{"line":9,"column":23}},"1":{"start":{"line":10,"column":4},"end":{"line":10,"column":21}}},"fnMap":{"0":{"name":"(anonymous_0)","decl":{"start":{"line":8,"column":2},"end":{"line":8,"column":3}},"loc":{"start":{"line":8,"column":21},"end":{"line":11,"column":3}},"line":8}},"branchMap":{},"s":{"0":96,"1":96},"f":{"0":96},"b":{},"_coverageSchema":"332fd63041d2c1bcb487cc26dd0d5f7d97098a6c","hash":"2059b16844cded59c5f0962c3755185c69188cb0"}
,"/Users/sangwoo/Desktop/programming/dataStructureJS/lib/singlyLinkedList.js": {"path":"/Users/sangwoo/Desktop/programming/dataStructureJS/lib/singlyLinkedList.js","statementMap":{"0":{"start":{"line":7,"column":27},"end":{"line":7,"column":51}},"1":{"start":{"line":12,"column":4},"end":{"line":12,"column":21}},"2":{"start":{"line":13,"column":4},"end":{"line":13,"column":21}},"3":{"start":{"line":14,"column":4},"end":{"line":14,"column":20}},"4":{"start":{"line":19,"column":4},"end":{"line":19,"column":23}},"5":{"start":{"line":24,"column":20},"end":{"line":24,"column":41}},"6":{"start":{"line":26,"column":4},"end":{"line":27,"column":29}},"7":{"start":{"line":26,"column":21},"end":{"line":26,"column":46}},"8":{"start":{"line":27,"column":9},"end":{"line":27,"column":29}},"9":{"start":{"line":29,"column":4},"end":{"line":29,"column":24}},"10":{"start":{"line":30,"column":4},"end":{"line":30,"column":21}},"11":{"start":{"line":31,"column":4},"end":{"line":31,"column":16}},"12":{"start":{"line":36,"column":4},"end":{"line":36,"column":39}},"13":{"start":{"line":36,"column":22},"end":{"line":36,"column":39}},"14":{"start":{"line":38,"column":17},"end":{"line":38,"column":26}},"15":{"start":{"line":39,"column":4},"end":{"line":41,"column":5}},"16":{"start":{"line":40,"column":6},"end":{"line":40,"column":27}},"17":{"start":{"line":43,"column":23},"end":{"line":43,"column":32}},"18":{"start":{"line":45,"column":4},"end":{"line":45,"column":23}},"19":{"start":{"line":46,"column":4},"end":{"line":46,"column":26}},"20":{"start":{"line":48,"column":4},"end":{"line":51,"column":5}},"21":{"start":{"line":49,"column":6},"end":{"line":49,"column":23}},"22":{"start":{"line":50,"column":6},"end":{"line":50,"column":23}},"23":{"start":{"line":53,"column":4},"end":{"line":53,"column":21}},"24":{"start":{"line":54,"column":4},"end":{"line":54,"column":28}},"25":{"start":{"line":59,"column":4},"end":{"line":59,"column":39}},"26":{"start":{"line":59,"column":22},"end":{"line":59,"column":39}},"27":{"start":{"line":61,"column":23},"end":{"line":61,"column":32}},"28":{"start":{"line":62,"column":4},"end":{"line":62,"column":31}},"29":{"start":{"line":63,"column":4},"end":{"line":63,"column":44}},"30":{"start":{"line":63,"column":27},"end":{"line":63,"column":44}},"31":{"start":{"line":65,"column":4},"end":{"line":65,"column":21}},"32":{"start":{"line":66,"column":4},"end":{"line":66,"column":28}},"33":{"start":{"line":71,"column":20},"end":{"line":71,"column":41}},"34":{"start":{"line":72,"column":4},"end":{"line":72,"column":29}},"35":{"start":{"line":73,"column":4},"end":{"line":73,"column":24}},"36":{"start":{"line":75,"column":4},"end":{"line":75,"column":42}},"37":{"start":{"line":75,"column":22},"end":{"line":75,"column":42}},"38":{"start":{"line":77,"column":4},"end":{"line":77,"column":21}},"39":{"start":{"line":78,"column":4},"end":{"line":78,"column":16}},"40":{"start":{"line":83,"column":20},"end":{"line":83,"column":41}},"41":{"start":{"line":85,"column":4},"end":{"line":87,"column":48}},"42":{"start":{"line":85,"column":42},"end":{"line":85,"column":78}},"43":{"start":{"line":86,"column":9},"end":{"line":87,"column":48}},"44":{"start":{"line":86,"column":36},"end":{"line":86,"column":60}},"45":{"start":{"line":87,"column":9},"end":{"line":87,"column":48}},"46":{"start":{"line":87,"column":21},"end":{"line":87,"column":48}},"47":{"start":{"line":89,"column":17},"end":{"line":89,"column":26}},"48":{"start":{"line":90,"column":4},"end":{"line":92,"column":5}},"49":{"start":{"line":91,"column":6},"end":{"line":91,"column":27}},"50":{"start":{"line":93,"column":4},"end":{"line":93,"column":31}},"51":{"start":{"line":94,"column":4},"end":{"line":94,"column":26}},"52":{"start":{"line":96,"column":4},"end":{"line":96,"column":21}},"53":{"start":{"line":97,"column":4},"end":{"line":97,"column":16}},"54":{"start":{"line":102,"column":4},"end":{"line":104,"column":58}},"55":{"start":{"line":102,"column":43},"end":{"line":102,"column":79}},"56":{"start":{"line":103,"column":9},"end":{"line":104,"column":58}},"57":{"start":{"line":103,"column":21},"end":{"line":103,"column":41}},"58":{"start":{"line":104,"column":9},"end":{"line":104,"column":58}},"59":{"start":{"line":104,"column":40},"end":{"line":104,"column":58}},"60":{"start":{"line":106,"column":17},"end":{"line":106,"column":26}},"61":{"start":{"line":107,"column":4},"end":{"line":109,"column":5}},"62":{"start":{"line":108,"column":6},"end":{"line":108,"column":27}},"63":{"start":{"line":110,"column":23},"end":{"line":110,"column":34}},"64":{"start":{"line":111,"column":4},"end":{"line":111,"column":34}},"65":{"start":{"line":113,"column":4},"end":{"line":113,"column":21}},"66":{"start":{"line":114,"column":4},"end":{"line":114,"column":28}}},"fnMap":{"0":{"name":"(anonymous_0)","decl":{"start":{"line":11,"column":2},"end":{"line":11,"column":3}},"loc":{"start":{"line":11,"column":16},"end":{"line":15,"column":3}},"line":11},"1":{"name":"(anonymous_1)","decl":{"start":{"line":18,"column":2},"end":{"line":18,"column":3}},"loc":{"start":{"line":18,"column":9},"end":{"line":20,"column":3}},"line":18},"2":{"name":"(anonymous_2)","decl":{"start":{"line":23,"column":2},"end":{"line":23,"column":3}},"loc":{"start":{"line":23,"column":14},"end":{"line":32,"column":3}},"line":23},"3":{"name":"(anonymous_3)","decl":{"start":{"line":35,"column":2},"end":{"line":35,"column":3}},"loc":{"start":{"line":35,"column":8},"end":{"line":55,"column":3}},"line":35},"4":{"name":"(anonymous_4)","decl":{"start":{"line":58,"column":2},"end":{"line":58,"column":3}},"loc":{"start":{"line":58,"column":10},"end":{"line":67,"column":3}},"line":58},"5":{"name":"(anonymous_5)","decl":{"start":{"line":70,"column":2},"end":{"line":70,"column":3}},"loc":{"start":{"line":70,"column":17},"end":{"line":79,"column":3}},"line":70},"6":{"name":"(anonymous_6)","decl":{"start":{"line":82,"column":2},"end":{"line":82,"column":3}},"loc":{"start":{"line":82,"column":23},"end":{"line":98,"column":3}},"line":82},"7":{"name":"(anonymous_7)","decl":{"start":{"line":101,"column":2},"end":{"line":101,"column":3}},"loc":{"start":{"line":101,"column":16},"end":{"line":115,"column":3}},"line":101}},"branchMap":{"0":{"loc":{"start":{"line":26,"column":4},"end":{"line":27,"column":29}},"type":"if","locations":[{"start":{"line":26,"column":4},"end":{"line":27,"column":29}},{"start":{"line":26,"column":4},"end":{"line":27,"column":29}}],"line":26},"1":{"loc":{"start":{"line":36,"column":4},"end":{"line":36,"column":39}},"type":"if","locations":[{"start":{"line":36,"column":4},"end":{"line":36,"column":39}},{"start":{"line":36,"column":4},"end":{"line":36,"column":39}}],"line":36},"2":{"loc":{"start":{"line":39,"column":11},"end":{"line":39,"column":42}},"type":"binary-expr","locations":[{"start":{"line":39,"column":11},"end":{"line":39,"column":22}},{"start":{"line":39,"column":26},"end":{"line":39,"column":42}}],"line":39},"3":{"loc":{"start":{"line":48,"column":4},"end":{"line":51,"column":5}},"type":"if","locations":[{"start":{"line":48,"column":4},"end":{"line":51,"column":5}},{"start":{"line":48,"column":4},"end":{"line":51,"column":5}}],"line":48},"4":{"loc":{"start":{"line":59,"column":4},"end":{"line":59,"column":39}},"type":"if","locations":[{"start":{"line":59,"column":4},"end":{"line":59,"column":39}},{"start":{"line":59,"column":4},"end":{"line":59,"column":39}}],"line":59},"5":{"loc":{"start":{"line":63,"column":4},"end":{"line":63,"column":44}},"type":"if","locations":[{"start":{"line":63,"column":4},"end":{"line":63,"column":44}},{"start":{"line":63,"column":4},"end":{"line":63,"column":44}}],"line":63},"6":{"loc":{"start":{"line":75,"column":4},"end":{"line":75,"column":42}},"type":"if","locations":[{"start":{"line":75,"column":4},"end":{"line":75,"column":42}},{"start":{"line":75,"column":4},"end":{"line":75,"column":42}}],"line":75},"7":{"loc":{"start":{"line":85,"column":4},"end":{"line":87,"column":48}},"type":"if","locations":[{"start":{"line":85,"column":4},"end":{"line":87,"column":48}},{"start":{"line":85,"column":4},"end":{"line":87,"column":48}}],"line":85},"8":{"loc":{"start":{"line":85,"column":8},"end":{"line":85,"column":40}},"type":"binary-expr","locations":[{"start":{"line":85,"column":8},"end":{"line":85,"column":27}},{"start":{"line":85,"column":31},"end":{"line":85,"column":40}}],"line":85},"9":{"loc":{"start":{"line":86,"column":9},"end":{"line":87,"column":48}},"type":"if","locations":[{"start":{"line":86,"column":9},"end":{"line":87,"column":48}},{"start":{"line":86,"column":9},"end":{"line":87,"column":48}}],"line":86},"10":{"loc":{"start":{"line":87,"column":9},"end":{"line":87,"column":48}},"type":"if","locations":[{"start":{"line":87,"column":9},"end":{"line":87,"column":48}},{"start":{"line":87,"column":9},"end":{"line":87,"column":48}}],"line":87},"11":{"loc":{"start":{"line":102,"column":4},"end":{"line":104,"column":58}},"type":"if","locations":[{"start":{"line":102,"column":4},"end":{"line":104,"column":58}},{"start":{"line":102,"column":4},"end":{"line":104,"column":58}}],"line":102},"12":{"loc":{"start":{"line":102,"column":8},"end":{"line":102,"column":41}},"type":"binary-expr","locations":[{"start":{"line":102,"column":8},"end":{"line":102,"column":17}},{"start":{"line":102,"column":21},"end":{"line":102,"column":41}}],"line":102},"13":{"loc":{"start":{"line":103,"column":9},"end":{"line":104,"column":58}},"type":"if","locations":[{"start":{"line":103,"column":9},"end":{"line":104,"column":58}},{"start":{"line":103,"column":9},"end":{"line":104,"column":58}}],"line":103},"14":{"loc":{"start":{"line":104,"column":9},"end":{"line":104,"column":58}},"type":"if","locations":[{"start":{"line":104,"column":9},"end":{"line":104,"column":58}},{"start":{"line":104,"column":9},"end":{"line":104,"column":58}}],"line":104}},"s":{"0":1,"1":60,"2":60,"3":60,"4":13,"5":92,"6":92,"7":46,"8":46,"9":92,"10":92,"11":92,"12":3,"13":1,"14":2,"15":2,"16":0,"17":2,"18":2,"19":2,"20":2,"21":1,"22":1,"23":2,"24":2,"25":4,"26":1,"27":3,"28":3,"29":3,"30":1,"31":3,"32":3,"33":2,"34":2,"35":2,"36":2,"37":1,"38":2,"39":2,"40":2,"41":2,"42":1,"43":1,"44":0,"45":1,"46":0,"47":1,"48":1,"49":0,"50":1,"51":1,"52":1,"53":1,"54":2,"55":1,"56":1,"57":1,"58":0,"59":0,"60":0,"61":0,"62":0,"63":0,"64":0,"65":0,"66":0},"f":{"0":60,"1":13,"2":92,"3":3,"4":4,"5":2,"6":2,"7":2},"b":{"0":[46,46],"1":[1,2],"2":[2,1],"3":[1,1],"4":[1,3],"5":[1,2],"6":[1,1],"7":[1,1],"8":[2,1],"9":[0,1],"10":[0,1],"11":[1,1],"12":[2,2],"13":[1,0],"14":[0,0]},"_coverageSchema":"332fd63041d2c1bcb487cc26dd0d5f7d97098a6c","hash":"1e7d640bcf22d640aa0207b8795045bdd6972599"}
}
