TN:
SF:/Users/sangwoo/Desktop/programming/dataStructureJS/index.js
FNF:0
FNH:0
LF:0
LH:0
BRF:0
BRH:0
end_of_record
TN:
SF:/Users/sangwoo/Desktop/programming/dataStructureJS/lib/index.js
FNF:0
FNH:0
LF:0
LH:0
BRF:0
BRH:0
end_of_record
TN:
SF:/Users/sangwoo/Desktop/programming/dataStructureJS/lib/node.js
FN:8,(anonymous_0)
FNF:1
FNH:1
FNDA:96,(anonymous_0)
DA:9,96
DA:10,96
LF:2
LH:2
BRF:0
BRH:0
end_of_record
TN:
SF:/Users/sangwoo/Desktop/programming/dataStructureJS/lib/singlyLinkedList.js
FN:11,(anonymous_0)
FN:18,(anonymous_1)
FN:23,(anonymous_2)
FN:35,(anonymous_3)
FN:58,(anonymous_4)
FN:70,(anonymous_5)
FN:82,(anonymous_6)
FN:101,(anonymous_7)
FNF:8
FNH:8
FNDA:60,(anonymous_0)
FNDA:13,(anonymous_1)
FNDA:92,(anonymous_2)
FNDA:3,(anonymous_3)
FNDA:4,(anonymous_4)
FNDA:2,(anonymous_5)
FNDA:2,(anonymous_6)
FNDA:2,(anonymous_7)
DA:7,1
DA:12,60
DA:13,60
DA:14,60
DA:19,13
DA:24,92
DA:26,92
DA:27,46
DA:29,92
DA:30,92
DA:31,92
DA:36,3
DA:38,2
DA:39,2
DA:40,0
DA:43,2
DA:45,2
DA:46,2
DA:48,2
DA:49,1
DA:50,1
DA:53,2
DA:54,2
DA:59,4
DA:61,3
DA:62,3
DA:63,3
DA:65,3
DA:66,3
DA:71,2
DA:72,2
DA:73,2
DA:75,2
DA:77,2
DA:78,2
DA:83,2
DA:85,2
DA:86,1
DA:87,1
DA:89,1
DA:90,1
DA:91,0
DA:93,1
DA:94,1
DA:96,1
DA:97,1
DA:102,2
DA:103,1
DA:104,0
DA:106,0
DA:107,0
DA:108,0
DA:110,0
DA:111,0
DA:113,0
DA:114,0
LF:56
LH:46
BRDA:26,0,0,46
BRDA:26,0,1,46
BRDA:36,1,0,1
BRDA:36,1,1,2
BRDA:39,2,0,2
BRDA:39,2,1,1
BRDA:48,3,0,1
BRDA:48,3,1,1
BRDA:59,4,0,1
BRDA:59,4,1,3
BRDA:63,5,0,1
BRDA:63,5,1,2
BRDA:75,6,0,1
BRDA:75,6,1,1
BRDA:85,7,0,1
BRDA:85,7,1,1
BRDA:85,8,0,2
BRDA:85,8,1,1
BRDA:86,9,0,0
BRDA:86,9,1,1
BRDA:87,10,0,0
BRDA:87,10,1,1
BRDA:102,11,0,1
BRDA:102,11,1,1
BRDA:102,12,0,2
BRDA:102,12,1,2
BRDA:103,13,0,1
BRDA:103,13,1,0
BRDA:104,14,0,0
BRDA:104,14,1,0
BRF:30
BRH:25
end_of_record
